<?xml version="1.0" encoding="UTF-8"?>
<!-- Generated by org.testng.reporters.JUnitXMLReporter -->
<testsuite hostname="DESKTOP-B9T8IP8" ignored="0" name="Demo_Appium" tests="1" failures="1" timestamp="2021-10-04T22:04:22 ICT" time="235.055" errors="0">
  <testcase name="Demo_scroll" time="219.641" classname="Mobile_Appium.Demo_appium">
    <failure type="org.openqa.selenium.StaleElementReferenceException" message="The element &amp;apos;By.xpath: //android.widget.TextView[contains(@text,&amp;apos;Khám&amp;apos;)]&amp;apos; does not exist in DOM anymore
For documentation on this error, please visit: https://www.seleniumhq.org/exceptions/stale_element_reference.html
Build info: version: &amp;apos;3.141.59&amp;apos;, revision: &amp;apos;e82be7d358&amp;apos;, time: &amp;apos;2018-11-14T08:17:03&amp;apos;
System info: host: &amp;apos;DESKTOP-B9T8IP8&amp;apos;, ip: &amp;apos;192.168.64.1&amp;apos;, os.name: &amp;apos;Windows 10&amp;apos;, os.arch: &amp;apos;amd64&amp;apos;, os.version: &amp;apos;10.0&amp;apos;, java.version: &amp;apos;1.8.0_281&amp;apos;
Driver info: io.appium.java_client.AppiumDriver
Capabilities {app: C:\Users\User\eclipse-works..., appActivity: fr.playsoft.vnexpress.Activ..., appPackage: fr.playsoft.vnexpress, automationName: Appium, databaseEnabled: false, desired: {app: C:\Users\User\eclipse-works..., appActivity: fr.playsoft.vnexpress.Activ..., appPackage: fr.playsoft.vnexpress, automationName: Appium, deviceName: Android Emulator, fullReset: true, newCommandTimeout: 500, noReset: false, platformName: android, platformVersion: 7.1, udid: emulator-5554}, deviceApiLevel: 25, deviceManufacturer: samsung, deviceModel: SM-G977N, deviceName: emulator-5554, deviceScreenDensity: 320, deviceScreenSize: 720x1280, deviceUDID: emulator-5554, fullReset: true, javascriptEnabled: true, locationContextEnabled: false, networkConnectionEnabled: true, newCommandTimeout: 500, noReset: false, pixelRatio: 2, platform: LINUX, platformName: Android, platformVersion: 7.1.2, statBarHeight: 48, takesScreenshot: true, udid: emulator-5554, viewportRect: {height: 1232, left: 0, top: 48, width: 720}, warnings: {}, webStorageEnabled: false}
Session ID: b48882ed-7f7e-46a8-b3f3-a4eb547a7bce">
      <![CDATA[org.openqa.selenium.StaleElementReferenceException: The element 'By.xpath: //android.widget.TextView[contains(@text,'Khám')]' does not exist in DOM anymore
For documentation on this error, please visit: https://www.seleniumhq.org/exceptions/stale_element_reference.html
Build info: version: '3.141.59', revision: 'e82be7d358', time: '2018-11-14T08:17:03'
System info: host: 'DESKTOP-B9T8IP8', ip: '192.168.64.1', os.name: 'Windows 10', os.arch: 'amd64', os.version: '10.0', java.version: '1.8.0_281'
Driver info: io.appium.java_client.AppiumDriver
Capabilities {app: C:\Users\User\eclipse-works..., appActivity: fr.playsoft.vnexpress.Activ..., appPackage: fr.playsoft.vnexpress, automationName: Appium, databaseEnabled: false, desired: {app: C:\Users\User\eclipse-works..., appActivity: fr.playsoft.vnexpress.Activ..., appPackage: fr.playsoft.vnexpress, automationName: Appium, deviceName: Android Emulator, fullReset: true, newCommandTimeout: 500, noReset: false, platformName: android, platformVersion: 7.1, udid: emulator-5554}, deviceApiLevel: 25, deviceManufacturer: samsung, deviceModel: SM-G977N, deviceName: emulator-5554, deviceScreenDensity: 320, deviceScreenSize: 720x1280, deviceUDID: emulator-5554, fullReset: true, javascriptEnabled: true, locationContextEnabled: false, networkConnectionEnabled: true, newCommandTimeout: 500, noReset: false, pixelRatio: 2, platform: LINUX, platformName: Android, platformVersion: 7.1.2, statBarHeight: 48, takesScreenshot: true, udid: emulator-5554, viewportRect: {height: 1232, left: 0, top: 48, width: 720}, warnings: {}, webStorageEnabled: false}
Session ID: b48882ed-7f7e-46a8-b3f3-a4eb547a7bce
at org.openqa.selenium.remote.http.W3CHttpResponseCodec.createException(W3CHttpResponseCodec.java:187)
at org.openqa.selenium.remote.http.W3CHttpResponseCodec.decode(W3CHttpResponseCodec.java:122)
at org.openqa.selenium.remote.http.W3CHttpResponseCodec.decode(W3CHttpResponseCodec.java:49)
at org.openqa.selenium.remote.HttpCommandExecutor.execute(HttpCommandExecutor.java:158)
at io.appium.java_client.remote.AppiumCommandExecutor.execute(AppiumCommandExecutor.java:247)
at org.openqa.selenium.remote.RemoteWebDriver.execute(RemoteWebDriver.java:552)
at io.appium.java_client.DefaultGenericMobileDriver.execute(DefaultGenericMobileDriver.java:41)
at io.appium.java_client.AppiumDriver.execute(AppiumDriver.java:1)
at org.openqa.selenium.remote.RemoteWebElement.execute(RemoteWebElement.java:285)
at io.appium.java_client.DefaultGenericMobileElement.execute(DefaultGenericMobileElement.java:45)
at io.appium.java_client.MobileElement.execute(MobileElement.java:1)
at io.appium.java_client.android.AndroidElement.execute(AndroidElement.java:1)
at org.openqa.selenium.remote.RemoteWebElement.click(RemoteWebElement.java:84)
at AppiumBaseCommon.BaseActions.ClickXpath(BaseActions.java:95)
at AppiumObject.VnExpressObject.ClickToTitle(VnExpressObject.java:28)
at Mobile_Appium.Demo_appium.Demo_scroll(Demo_appium.java:24)
at java.util.ArrayList.forEach(ArrayList.java:1259)
... Removed 31 stack frames]]>
    </failure>
  </testcase> <!-- Demo_scroll -->
</testsuite> <!-- Demo_Appium -->
